Unity Editor version:    2021.3.6f1 (7da38d85baf6)
Branch:                  2021.3/staging
Build type:              Release
Batch mode:              YES
macOS version:           Version 12.4 (Build 21F79)
Darwin version:          21.5.0
Architecture:            arm64
Running under Rosetta:   NO
Available memory:        16384 MB
Using pre-set license
Pro License: YES

COMMAND LINE ARGUMENTS:
/Applications/Unity/Hub/Editor/2021.3.6f1/Unity.app/Contents/MacOS/Unity
-adb2
-batchMode
-noUpm
-name
AssetImportWorker0
-projectPath
/Users/uvay/Desktop/projectOfTutor/ProjectBoost/ProjectBoostt
-logFile
Logs/AssetImportWorker0.log
-srvPort
50599
Successfully changed project path to: /Users/uvay/Desktop/projectOfTutor/ProjectBoost/ProjectBoostt
/Users/uvay/Desktop/projectOfTutor/ProjectBoost/ProjectBoostt
[UnityMemory] Configuration Parameters - Can be set up in boot.config
    "memorysetup-bucket-allocator-granularity=16"
    "memorysetup-bucket-allocator-bucket-count=8"
    "memorysetup-bucket-allocator-block-size=33554432"
    "memorysetup-bucket-allocator-block-count=8"
    "memorysetup-main-allocator-block-size=16777216"
    "memorysetup-thread-allocator-block-size=16777216"
    "memorysetup-gfx-main-allocator-block-size=16777216"
    "memorysetup-gfx-thread-allocator-block-size=16777216"
    "memorysetup-cache-allocator-block-size=4194304"
    "memorysetup-typetree-allocator-block-size=2097152"
    "memorysetup-profiler-bucket-allocator-granularity=16"
    "memorysetup-profiler-bucket-allocator-bucket-count=8"
    "memorysetup-profiler-bucket-allocator-block-size=33554432"
    "memorysetup-profiler-bucket-allocator-block-count=8"
    "memorysetup-profiler-allocator-block-size=16777216"
    "memorysetup-profiler-editor-allocator-block-size=1048576"
    "memorysetup-temp-allocator-size-main=16777216"
    "memorysetup-job-temp-allocator-block-size=2097152"
    "memorysetup-job-temp-allocator-block-size-background=1048576"
    "memorysetup-job-temp-allocator-reduction-small-platforms=262144"
    "memorysetup-temp-allocator-size-background-worker=32768"
    "memorysetup-temp-allocator-size-job-worker=262144"
    "memorysetup-temp-allocator-size-preload-manager=33554432"
    "memorysetup-temp-allocator-size-nav-mesh-worker=65536"
    "memorysetup-temp-allocator-size-audio-worker=65536"
    "memorysetup-temp-allocator-size-cloud-worker=32768"
    "memorysetup-temp-allocator-size-gi-baking-worker=262144"
    "memorysetup-temp-allocator-size-gfx=262144"
Refreshing native plugins compatible for Editor in 67.56 ms, found 2 plugins.
Preloading 0 native plugins for Editor in 0.00 ms.
Initialize engine version: 2021.3.6f1 (7da38d85baf6)
[Subsystems] Discovering subsystems at path /Applications/Unity/Hub/Editor/2021.3.6f1/Unity.app/Contents/Resources/UnitySubsystems
[Subsystems] Discovering subsystems at path /Users/uvay/Desktop/projectOfTutor/ProjectBoost/ProjectBoostt/Assets
GfxDevice: creating device client; threaded=0; jobified=0
 preferred device: Apple M1 (high power)
Metal devices available: 1
0: Apple M1 (high power)
Using device Apple M1 (high power)
Initializing Metal device caps: Apple M1
Initialize mono
Mono path[0] = '/Applications/Unity/Hub/Editor/2021.3.6f1/Unity.app/Contents/Managed'
Mono path[1] = '/Applications/Unity/Hub/Editor/2021.3.6f1/Unity.app/Contents/MonoBleedingEdge/lib/mono/unityjit-macos'
Mono config path = '/Applications/Unity/Hub/Editor/2021.3.6f1/Unity.app/Contents/MonoBleedingEdge/etc'
Using monoOptions --debugger-agent=transport=dt_socket,embedding=1,server=y,suspend=n,address=127.0.0.1:56795
Begin MonoManager ReloadAssembly
Registering precompiled unity dll's ...
Register platform support module: /Applications/Unity/Hub/Editor/2021.3.6f1/Unity.app/Contents/PlaybackEngines/MacStandaloneSupport/UnityEditor.OSXStandalone.Extensions.dll
Register platform support module: /Applications/Unity/Hub/Editor/2021.3.6f1/PlaybackEngines/AndroidPlayer/UnityEditor.Android.Extensions.dll
Register platform support module: /Applications/Unity/Hub/Editor/2021.3.6f1/PlaybackEngines/iOSSupport/UnityEditor.iOS.Extensions.dll
Register platform support module: /Applications/Unity/Hub/Editor/2021.3.6f1/PlaybackEngines/WindowsStandaloneSupport/UnityEditor.WindowsStandalone.Extensions.dll
Registered in 0.000615 seconds.
Native extension for WindowsStandalone target not found
[usbmuxd] Start listen thread
[usbmuxd] Listen thread started
[usbmuxd] Send listen message
Native extension for iOS target not found
2022-07-22 21:15:52.810 Unity[1795:92111] [XcodeApplications] Failed to read NSDictionary from path ĝn4/Contents/Info.plist
Native extension for Android target not found
Native extension for OSXStandalone target not found
Refreshing native plugins compatible for Editor in 71.44 ms, found 2 plugins.
Preloading 0 native plugins for Editor in 0.00 ms.
Mono: successfully reloaded assembly
- Completed reload, in  0.403 seconds
Domain Reload Profiling:
	ReloadAssembly (403ms)
		BeginReloadAssembly (28ms)
			ExecutionOrderSort (0ms)
			DisableScriptedObjects (0ms)
			BackupInstance (0ms)
			ReleaseScriptingObjects (0ms)
			CreateAndSetChildDomain (0ms)
		EndReloadAssembly (309ms)
			LoadAssemblies (28ms)
			RebuildTransferFunctionScriptingTraits (0ms)
			SetupTypeCache (68ms)
			ReleaseScriptCaches (0ms)
			RebuildScriptCaches (20ms)
			SetupLoadedEditorAssemblies (196ms)
				LogAssemblyErrors (0ms)
				InitializePlatformSupportModulesInManaged (48ms)
				SetLoadedEditorAssemblies (0ms)
				RefreshPlugins (71ms)
				BeforeProcessingInitializeOnLoad (1ms)
				ProcessInitializeOnLoadAttributes (50ms)
				ProcessInitializeOnLoadMethodAttributes (26ms)
				AfterProcessingInitializeOnLoad (0ms)
				EditorAssembliesLoaded (0ms)
			ExecutionOrderSort2 (0ms)
			AwakeInstancesAfterBackupRestoration (0ms)
Platform modules already initialized, skipping
Registering precompiled user dll's ...
Registered in 0.001288 seconds.
Begin MonoManager ReloadAssembly
Symbol file LoadedFromMemory doesn't match image /Users/uvay/Desktop/projectOfTutor/ProjectBoost/ProjectBoostt/Library/PackageCache/com.unity.visualscripting@1.7.8/Editor/VisualScripting.Core/Dependencies/YamlDotNet/Unity.VisualScripting.YamlDotNet.dll
Symbol file LoadedFromMemory doesn't match image /Users/uvay/Desktop/projectOfTutor/ProjectBoost/ProjectBoostt/Library/PackageCache/com.unity.visualscripting@1.7.8/Editor/VisualScripting.Core/Dependencies/DotNetZip/Unity.VisualScripting.IonicZip.dll
Native extension for WindowsStandalone target not found
Native extension for iOS target not found
Native extension for Android target not found
Native extension for OSXStandalone target not found
Refreshing native plugins compatible for Editor in 0.45 ms, found 2 plugins.
Preloading 0 native plugins for Editor in 0.00 ms.
Mono: successfully reloaded assembly
- Completed reload, in  0.806 seconds
Domain Reload Profiling:
	ReloadAssembly (807ms)
		BeginReloadAssembly (157ms)
			ExecutionOrderSort (0ms)
			DisableScriptedObjects (3ms)
			BackupInstance (0ms)
			ReleaseScriptingObjects (0ms)
			CreateAndSetChildDomain (115ms)
		EndReloadAssembly (577ms)
			LoadAssemblies (32ms)
			RebuildTransferFunctionScriptingTraits (0ms)
			SetupTypeCache (198ms)
			ReleaseScriptCaches (0ms)
			RebuildScriptCaches (39ms)
			SetupLoadedEditorAssemblies (270ms)
				LogAssemblyErrors (0ms)
				InitializePlatformSupportModulesInManaged (18ms)
				SetLoadedEditorAssemblies (0ms)
				RefreshPlugins (0ms)
				BeforeProcessingInitializeOnLoad (67ms)
				ProcessInitializeOnLoadAttributes (162ms)
				ProcessInitializeOnLoadMethodAttributes (21ms)
				AfterProcessingInitializeOnLoad (1ms)
				EditorAssembliesLoaded (0ms)
			ExecutionOrderSort2 (0ms)
			AwakeInstancesAfterBackupRestoration (3ms)
Platform modules already initialized, skipping
========================================================================
Worker process is ready to serve import requests
Launching external process: /Applications/Unity/Hub/Editor/2021.3.6f1/Unity.app/Contents/Tools/UnityShaderCompiler
Launched and connected shader compiler UnityShaderCompiler after 0.06 seconds
Refreshing native plugins compatible for Editor in 0.64 ms, found 2 plugins.
Preloading 0 native plugins for Editor in 0.00 ms.
Unloading 3370 Unused Serialized files (Serialized files now loaded: 0)
Unloading 27 unused Assets / (94.8 KB). Loaded Objects now: 3829.
Memory consumption went from 230.8 MB to 230.7 MB.
Total: 3.508750 ms (FindLiveObjects: 0.141167 ms CreateObjectMapping: 0.060416 ms MarkObjects: 3.215000 ms  DeleteObjects: 0.087542 ms)

AssetImportParameters requested are different than current active one (requested -> active):
  custom:video-decoder-ogg-theora: a1e56fd34408186e4bbccfd4996cb3dc -> 
  custom:container-muxer-webm: aa71ff27fc2769a1b78a27578f13a17b -> 
  custom:container-demuxer-webm: 4f35f7cbe854078d1ac9338744f61a02 -> 
  custom:video-encoder-webm-vp8: eb34c28f22e8b96e1ab97ce403110664 -> 
  custom:framework-osx-AVFoundation: e770b220cccbd017edd2c1fefb359320 -> 
  custom:audio-encoder-webm-vorbis: bf7c407c2cedff20999df2af8eb42d56 -> 
  custom:container-demuxer-ogg: 62fdf1f143b41e24485cea50d1cbac27 -> 
  custom:video-decoder-webm-vp8: 9c59270c3fd7afecdb556c50c9e8de78 -> 
  custom:audio-decoder-ogg-vorbis: bf7c407c2cedff20999df2af8eb42d56 -> 
========================================================================
Received Import Request.
  Time since last request: 11176.910193 seconds.
  path: Assets/Materials/Booster.mat
  artifactKey: Guid(e1171324f0f2348349d5d26c94f98ed7) Importer(815301076,1909f56bfc062723c751e8b465ee728b)
Start importing Assets/Materials/Booster.mat using Guid(e1171324f0f2348349d5d26c94f98ed7) Importer(815301076,1909f56bfc062723c751e8b465ee728b)  -> (artifact id: '180c7341cea240b6504752df0b2e9828') in 0.113843 seconds 
========================================================================
Received Import Request.
  Time since last request: 21.552091 seconds.
  path: Assets/Materials/Head.mat
  artifactKey: Guid(8df8c9f0247e244d3bc3790945bb76ad) Importer(815301076,1909f56bfc062723c751e8b465ee728b)
Start importing Assets/Materials/Head.mat using Guid(8df8c9f0247e244d3bc3790945bb76ad) Importer(815301076,1909f56bfc062723c751e8b465ee728b)  -> (artifact id: 'f33d8f70ab73d786e8afbf64f189e4b7') in 0.009459 seconds 
========================================================================
Received Import Request.
  Time since last request: 33.874676 seconds.
  path: Assets/Materials/Glass.mat
  artifactKey: Guid(05bc1502b04254f92b7ab0384e374389) Importer(815301076,1909f56bfc062723c751e8b465ee728b)
Start importing Assets/Materials/Glass.mat using Guid(05bc1502b04254f92b7ab0384e374389) Importer(815301076,1909f56bfc062723c751e8b465ee728b)  -> (artifact id: 'b88e020a0e166752d789ee08b70a812f') in 0.007769 seconds 
========================================================================
Received Prepare
Registering precompiled user dll's ...
Registered in 0.001258 seconds.
Begin MonoManager ReloadAssembly
Thread 0x2869c7000 may have been prematurely finalized
Symbol file LoadedFromMemory doesn't match image /Users/uvay/Desktop/projectOfTutor/ProjectBoost/ProjectBoostt/Library/PackageCache/com.unity.visualscripting@1.7.8/Editor/VisualScripting.Core/Dependencies/YamlDotNet/Unity.VisualScripting.YamlDotNet.dll
Symbol file LoadedFromMemory doesn't match image /Users/uvay/Desktop/projectOfTutor/ProjectBoost/ProjectBoostt/Library/PackageCache/com.unity.visualscripting@1.7.8/Editor/VisualScripting.Core/Dependencies/DotNetZip/Unity.VisualScripting.IonicZip.dll
Native extension for WindowsStandalone target not found
Native extension for iOS target not found
2022-07-22 21:17:26.920 Unity[1795:92111] [XcodeApplications] Failed to read NSDictionary from path ĝn4/Contents/Info.plist
Native extension for Android target not found
Native extension for OSXStandalone target not found
Refreshing native plugins compatible for Editor in 0.43 ms, found 2 plugins.
Preloading 0 native plugins for Editor in 0.00 ms.
Mono: successfully reloaded assembly
- Completed reload, in  0.584 seconds
Domain Reload Profiling:
	ReloadAssembly (585ms)
		BeginReloadAssembly (70ms)
			ExecutionOrderSort (0ms)
			DisableScriptedObjects (2ms)
			BackupInstance (0ms)
			ReleaseScriptingObjects (0ms)
			CreateAndSetChildDomain (23ms)
		EndReloadAssembly (457ms)
			LoadAssemblies (31ms)
			RebuildTransferFunctionScriptingTraits (0ms)
			SetupTypeCache (176ms)
			ReleaseScriptCaches (1ms)
			RebuildScriptCaches (29ms)
			SetupLoadedEditorAssemblies (192ms)
				LogAssemblyErrors (0ms)
				InitializePlatformSupportModulesInManaged (18ms)
				SetLoadedEditorAssemblies (0ms)
				RefreshPlugins (0ms)
				BeforeProcessingInitializeOnLoad (39ms)
				ProcessInitializeOnLoadAttributes (117ms)
				ProcessInitializeOnLoadMethodAttributes (16ms)
				AfterProcessingInitializeOnLoad (1ms)
				EditorAssembliesLoaded (0ms)
			ExecutionOrderSort2 (0ms)
			AwakeInstancesAfterBackupRestoration (2ms)
Platform modules already initialized, skipping
Refreshing native plugins compatible for Editor in 0.91 ms, found 2 plugins.
Preloading 0 native plugins for Editor in 0.00 ms.
Unloading 3365 Unused Serialized files (Serialized files now loaded: 0)
Unloading 20 unused Assets / (71.0 KB). Loaded Objects now: 3871.
Memory consumption went from 240.0 MB to 239.9 MB.
Total: 2.613834 ms (FindLiveObjects: 0.126542 ms CreateObjectMapping: 0.041375 ms MarkObjects: 2.356542 ms  DeleteObjects: 0.088000 ms)

AssetImportParameters requested are different than current active one (requested -> active):
  custom:video-decoder-ogg-theora: a1e56fd34408186e4bbccfd4996cb3dc -> 
  custom:container-muxer-webm: aa71ff27fc2769a1b78a27578f13a17b -> 
  custom:container-demuxer-webm: 4f35f7cbe854078d1ac9338744f61a02 -> 
  custom:video-encoder-webm-vp8: eb34c28f22e8b96e1ab97ce403110664 -> 
  custom:framework-osx-AVFoundation: e770b220cccbd017edd2c1fefb359320 -> 
  custom:audio-encoder-webm-vorbis: bf7c407c2cedff20999df2af8eb42d56 -> 
  custom:container-demuxer-ogg: 62fdf1f143b41e24485cea50d1cbac27 -> 
  custom:video-decoder-webm-vp8: 9c59270c3fd7afecdb556c50c9e8de78 -> 
  custom:audio-decoder-ogg-vorbis: bf7c407c2cedff20999df2af8eb42d56 -> 
========================================================================
Received Import Request.
  Time since last request: 46.693542 seconds.
  path: Assets/Prefabs/Rocket.prefab
  artifactKey: Guid(e292a7b051a8f4f5888b744654c6fd12) Importer(815301076,1909f56bfc062723c751e8b465ee728b)
Start importing Assets/Prefabs/Rocket.prefab using Guid(e292a7b051a8f4f5888b744654c6fd12) Importer(815301076,1909f56bfc062723c751e8b465ee728b)  -> (artifact id: '31c20d58e6a202cc6ace865531e2ca7a') in 0.083974 seconds 
========================================================================
Received Import Request.
  Time since last request: 14.076936 seconds.
  path: Assets/Prefabs/Rocket.prefab
  artifactKey: Guid(e292a7b051a8f4f5888b744654c6fd12) Importer(815301076,1909f56bfc062723c751e8b465ee728b)
Start importing Assets/Prefabs/Rocket.prefab using Guid(e292a7b051a8f4f5888b744654c6fd12) Importer(815301076,1909f56bfc062723c751e8b465ee728b)  -> (artifact id: 'bc5b2eb7dcc5287480a359555eabc4f8') in 0.005694 seconds 
========================================================================
Received Import Request.
  Time since last request: 21.873614 seconds.
  path: Assets/Prefabs/Rocket.prefab
  artifactKey: Guid(e292a7b051a8f4f5888b744654c6fd12) Importer(815301076,1909f56bfc062723c751e8b465ee728b)
Start importing Assets/Prefabs/Rocket.prefab using Guid(e292a7b051a8f4f5888b744654c6fd12) Importer(815301076,1909f56bfc062723c751e8b465ee728b)  -> (artifact id: 'c150faf982e33d6da27426672a86aea4') in 0.005556 seconds 
========================================================================
Received Import Request.
  Time since last request: 16.932792 seconds.
  path: Assets/Prefabs/Rocket.prefab
  artifactKey: Guid(e292a7b051a8f4f5888b744654c6fd12) Importer(815301076,1909f56bfc062723c751e8b465ee728b)
Start importing Assets/Prefabs/Rocket.prefab using Guid(e292a7b051a8f4f5888b744654c6fd12) Importer(815301076,1909f56bfc062723c751e8b465ee728b)  -> (artifact id: '9b6bb016855da22324c113dbbd88efc4') in 0.005981 seconds 
========================================================================
Received Import Request.
  Time since last request: 7.253357 seconds.
  path: Assets/Prefabs/Rocket.prefab
  artifactKey: Guid(e292a7b051a8f4f5888b744654c6fd12) Importer(815301076,1909f56bfc062723c751e8b465ee728b)
Start importing Assets/Prefabs/Rocket.prefab using Guid(e292a7b051a8f4f5888b744654c6fd12) Importer(815301076,1909f56bfc062723c751e8b465ee728b)  -> (artifact id: '4572da855994eafebaddbb1a7e8328ff') in 0.005882 seconds 
========================================================================
Received Import Request.
  Time since last request: 4.848459 seconds.
  path: Assets/Prefabs/Rocket.prefab
  artifactKey: Guid(e292a7b051a8f4f5888b744654c6fd12) Importer(815301076,1909f56bfc062723c751e8b465ee728b)
Start importing Assets/Prefabs/Rocket.prefab using Guid(e292a7b051a8f4f5888b744654c6fd12) Importer(815301076,1909f56bfc062723c751e8b465ee728b)  -> (artifact id: '896c102753a20369c7068c4905cf3d6d') in 0.006809 seconds 
========================================================================
Received Prepare
Registering precompiled user dll's ...
Registered in 0.001548 seconds.
Begin MonoManager ReloadAssembly
Thread 0x175f8b000 may have been prematurely finalized
Symbol file LoadedFromMemory doesn't match image /Users/uvay/Desktop/projectOfTutor/ProjectBoost/ProjectBoostt/Library/PackageCache/com.unity.visualscripting@1.7.8/Editor/VisualScripting.Core/Dependencies/YamlDotNet/Unity.VisualScripting.YamlDotNet.dll
Symbol file LoadedFromMemory doesn't match image /Users/uvay/Desktop/projectOfTutor/ProjectBoost/ProjectBoostt/Library/PackageCache/com.unity.visualscripting@1.7.8/Editor/VisualScripting.Core/Dependencies/DotNetZip/Unity.VisualScripting.IonicZip.dll
Native extension for WindowsStandalone target not found
Native extension for iOS target not found
2022-07-22 21:18:53.596 Unity[1795:92111] [XcodeApplications] Failed to read NSDictionary from path ĝn4/Contents/Info.plist
Native extension for Android target not found
Native extension for OSXStandalone target not found
Refreshing native plugins compatible for Editor in 0.44 ms, found 2 plugins.
Preloading 0 native plugins for Editor in 0.00 ms.
Mono: successfully reloaded assembly
- Completed reload, in  0.620 seconds
Domain Reload Profiling:
	ReloadAssembly (620ms)
		BeginReloadAssembly (73ms)
			ExecutionOrderSort (0ms)
			DisableScriptedObjects (3ms)
			BackupInstance (0ms)
			ReleaseScriptingObjects (0ms)
			CreateAndSetChildDomain (24ms)
		EndReloadAssembly (486ms)
			LoadAssemblies (34ms)
			RebuildTransferFunctionScriptingTraits (0ms)
			SetupTypeCache (182ms)
			ReleaseScriptCaches (1ms)
			RebuildScriptCaches (32ms)
			SetupLoadedEditorAssemblies (207ms)
				LogAssemblyErrors (0ms)
				InitializePlatformSupportModulesInManaged (19ms)
				SetLoadedEditorAssemblies (0ms)
				RefreshPlugins (0ms)
				BeforeProcessingInitializeOnLoad (41ms)
				ProcessInitializeOnLoadAttributes (129ms)
				ProcessInitializeOnLoadMethodAttributes (17ms)
				AfterProcessingInitializeOnLoad (1ms)
				EditorAssembliesLoaded (0ms)
			ExecutionOrderSort2 (0ms)
			AwakeInstancesAfterBackupRestoration (3ms)
Platform modules already initialized, skipping
Refreshing native plugins compatible for Editor in 0.88 ms, found 2 plugins.
Preloading 0 native plugins for Editor in 0.00 ms.
Unloading 3365 Unused Serialized files (Serialized files now loaded: 0)
Unloading 20 unused Assets / (71.1 KB). Loaded Objects now: 3877.
Memory consumption went from 244.4 MB to 244.3 MB.
Total: 2.417084 ms (FindLiveObjects: 0.151959 ms CreateObjectMapping: 0.044041 ms MarkObjects: 2.139709 ms  DeleteObjects: 0.080292 ms)

AssetImportParameters requested are different than current active one (requested -> active):
  custom:video-decoder-ogg-theora: a1e56fd34408186e4bbccfd4996cb3dc -> 
  custom:container-muxer-webm: aa71ff27fc2769a1b78a27578f13a17b -> 
  custom:container-demuxer-webm: 4f35f7cbe854078d1ac9338744f61a02 -> 
  custom:video-encoder-webm-vp8: eb34c28f22e8b96e1ab97ce403110664 -> 
  custom:framework-osx-AVFoundation: e770b220cccbd017edd2c1fefb359320 -> 
  custom:audio-encoder-webm-vorbis: bf7c407c2cedff20999df2af8eb42d56 -> 
  custom:container-demuxer-ogg: 62fdf1f143b41e24485cea50d1cbac27 -> 
  custom:video-decoder-webm-vp8: 9c59270c3fd7afecdb556c50c9e8de78 -> 
  custom:audio-decoder-ogg-vorbis: bf7c407c2cedff20999df2af8eb42d56 -> 
========================================================================
Received Prepare
Registering precompiled user dll's ...
Registered in 0.001559 seconds.
Begin MonoManager ReloadAssembly
Thread 0x175f8b000 may have been prematurely finalized
Symbol file LoadedFromMemory doesn't match image /Users/uvay/Desktop/projectOfTutor/ProjectBoost/ProjectBoostt/Library/PackageCache/com.unity.visualscripting@1.7.8/Editor/VisualScripting.Core/Dependencies/YamlDotNet/Unity.VisualScripting.YamlDotNet.dll
Symbol file LoadedFromMemory doesn't match image /Users/uvay/Desktop/projectOfTutor/ProjectBoost/ProjectBoostt/Library/PackageCache/com.unity.visualscripting@1.7.8/Editor/VisualScripting.Core/Dependencies/DotNetZip/Unity.VisualScripting.IonicZip.dll
Native extension for WindowsStandalone target not found
Native extension for iOS target not found
2022-07-22 21:19:05.994 Unity[1795:92111] [XcodeApplications] Failed to read NSDictionary from path ĝn4/Contents/Info.plist
Native extension for Android target not found
Native extension for OSXStandalone target not found
Refreshing native plugins compatible for Editor in 0.46 ms, found 2 plugins.
Preloading 0 native plugins for Editor in 0.00 ms.
Mono: successfully reloaded assembly
- Completed reload, in  0.624 seconds
Domain Reload Profiling:
	ReloadAssembly (625ms)
		BeginReloadAssembly (71ms)
			ExecutionOrderSort (0ms)
			DisableScriptedObjects (3ms)
			BackupInstance (0ms)
			ReleaseScriptingObjects (0ms)
			CreateAndSetChildDomain (24ms)
		EndReloadAssembly (497ms)
			LoadAssemblies (31ms)
			RebuildTransferFunctionScriptingTraits (0ms)
			SetupTypeCache (180ms)
			ReleaseScriptCaches (1ms)
			RebuildScriptCaches (32ms)
			SetupLoadedEditorAssemblies (217ms)
				LogAssemblyErrors (0ms)
				InitializePlatformSupportModulesInManaged (20ms)
				SetLoadedEditorAssemblies (0ms)
				RefreshPlugins (0ms)
				BeforeProcessingInitializeOnLoad (42ms)
				ProcessInitializeOnLoadAttributes (136ms)
				ProcessInitializeOnLoadMethodAttributes (18ms)
				AfterProcessingInitializeOnLoad (1ms)
				EditorAssembliesLoaded (0ms)
			ExecutionOrderSort2 (0ms)
			AwakeInstancesAfterBackupRestoration (3ms)
Platform modules already initialized, skipping
Refreshing native plugins compatible for Editor in 0.79 ms, found 2 plugins.
Preloading 0 native plugins for Editor in 0.00 ms.
Unloading 3365 Unused Serialized files (Serialized files now loaded: 0)
Unloading 20 unused Assets / (71.0 KB). Loaded Objects now: 3880.
Memory consumption went from 244.6 MB to 244.5 MB.
Total: 2.435083 ms (FindLiveObjects: 0.169000 ms CreateObjectMapping: 0.045125 ms MarkObjects: 2.164542 ms  DeleteObjects: 0.055750 ms)

AssetImportParameters requested are different than current active one (requested -> active):
  custom:video-decoder-ogg-theora: a1e56fd34408186e4bbccfd4996cb3dc -> 
  custom:container-muxer-webm: aa71ff27fc2769a1b78a27578f13a17b -> 
  custom:container-demuxer-webm: 4f35f7cbe854078d1ac9338744f61a02 -> 
  custom:video-encoder-webm-vp8: eb34c28f22e8b96e1ab97ce403110664 -> 
  custom:framework-osx-AVFoundation: e770b220cccbd017edd2c1fefb359320 -> 
  custom:audio-encoder-webm-vorbis: bf7c407c2cedff20999df2af8eb42d56 -> 
  custom:container-demuxer-ogg: 62fdf1f143b41e24485cea50d1cbac27 -> 
  custom:video-decoder-webm-vp8: 9c59270c3fd7afecdb556c50c9e8de78 -> 
  custom:audio-decoder-ogg-vorbis: bf7c407c2cedff20999df2af8eb42d56 -> 
========================================================================
Received Prepare
Registering precompiled user dll's ...
Registered in 0.001499 seconds.
Begin MonoManager ReloadAssembly
Thread 0x175f8b000 may have been prematurely finalized
Symbol file LoadedFromMemory doesn't match image /Users/uvay/Desktop/projectOfTutor/ProjectBoost/ProjectBoostt/Library/PackageCache/com.unity.visualscripting@1.7.8/Editor/VisualScripting.Core/Dependencies/YamlDotNet/Unity.VisualScripting.YamlDotNet.dll
Symbol file LoadedFromMemory doesn't match image /Users/uvay/Desktop/projectOfTutor/ProjectBoost/ProjectBoostt/Library/PackageCache/com.unity.visualscripting@1.7.8/Editor/VisualScripting.Core/Dependencies/DotNetZip/Unity.VisualScripting.IonicZip.dll
Native extension for WindowsStandalone target not found
Native extension for iOS target not found
2022-07-22 21:19:17.096 Unity[1795:92111] [XcodeApplications] Failed to read NSDictionary from path ĝn4/Contents/Info.plist
Native extension for Android target not found
Native extension for OSXStandalone target not found
Refreshing native plugins compatible for Editor in 0.49 ms, found 2 plugins.
Preloading 0 native plugins for Editor in 0.00 ms.
Mono: successfully reloaded assembly
- Completed reload, in  0.647 seconds
Domain Reload Profiling:
	ReloadAssembly (647ms)
		BeginReloadAssembly (73ms)
			ExecutionOrderSort (0ms)
			DisableScriptedObjects (3ms)
			BackupInstance (0ms)
			ReleaseScriptingObjects (0ms)
			CreateAndSetChildDomain (25ms)
		EndReloadAssembly (516ms)
			LoadAssemblies (32ms)
			RebuildTransferFunctionScriptingTraits (0ms)
			SetupTypeCache (191ms)
			ReleaseScriptCaches (1ms)
			RebuildScriptCaches (32ms)
			SetupLoadedEditorAssemblies (223ms)
				LogAssemblyErrors (0ms)
				InitializePlatformSupportModulesInManaged (20ms)
				SetLoadedEditorAssemblies (0ms)
				RefreshPlugins (1ms)
				BeforeProcessingInitializeOnLoad (45ms)
				ProcessInitializeOnLoadAttributes (138ms)
				ProcessInitializeOnLoadMethodAttributes (18ms)
				AfterProcessingInitializeOnLoad (1ms)
				EditorAssembliesLoaded (0ms)
			ExecutionOrderSort2 (0ms)
			AwakeInstancesAfterBackupRestoration (3ms)
Platform modules already initialized, skipping
Refreshing native plugins compatible for Editor in 1.03 ms, found 2 plugins.
Preloading 0 native plugins for Editor in 0.00 ms.
Unloading 3365 Unused Serialized files (Serialized files now loaded: 0)
Unloading 20 unused Assets / (71.0 KB). Loaded Objects now: 3883.
Memory consumption went from 244.8 MB to 244.8 MB.
Total: 3.097083 ms (FindLiveObjects: 0.146917 ms CreateObjectMapping: 0.051500 ms MarkObjects: 2.825375 ms  DeleteObjects: 0.072458 ms)

AssetImportParameters requested are different than current active one (requested -> active):
  custom:video-decoder-ogg-theora: a1e56fd34408186e4bbccfd4996cb3dc -> 
  custom:container-muxer-webm: aa71ff27fc2769a1b78a27578f13a17b -> 
  custom:container-demuxer-webm: 4f35f7cbe854078d1ac9338744f61a02 -> 
  custom:video-encoder-webm-vp8: eb34c28f22e8b96e1ab97ce403110664 -> 
  custom:framework-osx-AVFoundation: e770b220cccbd017edd2c1fefb359320 -> 
  custom:audio-encoder-webm-vorbis: bf7c407c2cedff20999df2af8eb42d56 -> 
  custom:container-demuxer-ogg: 62fdf1f143b41e24485cea50d1cbac27 -> 
  custom:video-decoder-webm-vp8: 9c59270c3fd7afecdb556c50c9e8de78 -> 
  custom:audio-decoder-ogg-vorbis: bf7c407c2cedff20999df2af8eb42d56 -> 
========================================================================
Received Import Request.
  Time since last request: 118.525186 seconds.
  path: Assets/Prefabs/Rocket.prefab
  artifactKey: Guid(e292a7b051a8f4f5888b744654c6fd12) Importer(815301076,1909f56bfc062723c751e8b465ee728b)
Start importing Assets/Prefabs/Rocket.prefab using Guid(e292a7b051a8f4f5888b744654c6fd12) Importer(815301076,1909f56bfc062723c751e8b465ee728b)  -> (artifact id: 'd29dc127e2c5091c53ebb4b3cc830c57') in 0.045576 seconds 
========================================================================
Received Import Request.
  Time since last request: 7.046208 seconds.
  path: Assets/Prefabs/Rocket.prefab
  artifactKey: Guid(e292a7b051a8f4f5888b744654c6fd12) Importer(815301076,1909f56bfc062723c751e8b465ee728b)
Start importing Assets/Prefabs/Rocket.prefab using Guid(e292a7b051a8f4f5888b744654c6fd12) Importer(815301076,1909f56bfc062723c751e8b465ee728b)  -> (artifact id: '64434ff1fcce9e059a71d0e24c5e09b5') in 0.006913 seconds 
========================================================================
Received Import Request.
  Time since last request: 10.500384 seconds.
  path: Assets/Prefabs/Rocket.prefab
  artifactKey: Guid(e292a7b051a8f4f5888b744654c6fd12) Importer(815301076,1909f56bfc062723c751e8b465ee728b)
Start importing Assets/Prefabs/Rocket.prefab using Guid(e292a7b051a8f4f5888b744654c6fd12) Importer(815301076,1909f56bfc062723c751e8b465ee728b)  -> (artifact id: 'df6790dceff7fd8bc0cd6e3b82a40183') in 0.006284 seconds 
========================================================================
Received Import Request.
  Time since last request: 11.211722 seconds.
  path: Assets/Prefabs/Rocket.prefab
  artifactKey: Guid(e292a7b051a8f4f5888b744654c6fd12) Importer(815301076,1909f56bfc062723c751e8b465ee728b)
Start importing Assets/Prefabs/Rocket.prefab using Guid(e292a7b051a8f4f5888b744654c6fd12) Importer(815301076,1909f56bfc062723c751e8b465ee728b)  -> (artifact id: 'dae3522723066f0716984598edec426f') in 0.005619 seconds 
========================================================================
Received Import Request.
  Time since last request: 10.645855 seconds.
  path: Assets/Prefabs/Rocket.prefab
  artifactKey: Guid(e292a7b051a8f4f5888b744654c6fd12) Importer(815301076,1909f56bfc062723c751e8b465ee728b)
Start importing Assets/Prefabs/Rocket.prefab using Guid(e292a7b051a8f4f5888b744654c6fd12) Importer(815301076,1909f56bfc062723c751e8b465ee728b)  -> (artifact id: '35e042cff97bdab8781d462e4b4f2640') in 0.006473 seconds 
========================================================================
Received Import Request.
  Time since last request: 3.258784 seconds.
  path: Assets/Prefabs/Rocket.prefab
  artifactKey: Guid(e292a7b051a8f4f5888b744654c6fd12) Importer(815301076,1909f56bfc062723c751e8b465ee728b)
Start importing Assets/Prefabs/Rocket.prefab using Guid(e292a7b051a8f4f5888b744654c6fd12) Importer(815301076,1909f56bfc062723c751e8b465ee728b)  -> (artifact id: '6c54e20425914b86da1a34aa4371ef48') in 0.007022 seconds 
========================================================================
Received Import Request.
  Time since last request: 18.210631 seconds.
  path: Assets/Prefabs/Rocket.prefab
  artifactKey: Guid(e292a7b051a8f4f5888b744654c6fd12) Importer(815301076,1909f56bfc062723c751e8b465ee728b)
Start importing Assets/Prefabs/Rocket.prefab using Guid(e292a7b051a8f4f5888b744654c6fd12) Importer(815301076,1909f56bfc062723c751e8b465ee728b)  -> (artifact id: 'e4aeb6430e268e4b7363b086839e6921') in 0.008856 seconds 
========================================================================
Received Import Request.
  Time since last request: 133.472620 seconds.
  path: Assets/Prefabs/Rocket.prefab
  artifactKey: Guid(e292a7b051a8f4f5888b744654c6fd12) Importer(815301076,1909f56bfc062723c751e8b465ee728b)
Start importing Assets/Prefabs/Rocket.prefab using Guid(e292a7b051a8f4f5888b744654c6fd12) Importer(815301076,1909f56bfc062723c751e8b465ee728b)  -> (artifact id: '37b7d8fa66901385c92ff64f479920eb') in 0.009511 seconds 
========================================================================
Received Import Request.
  Time since last request: 4.706509 seconds.
  path: Assets/Prefabs/Rocket.prefab
  artifactKey: Guid(e292a7b051a8f4f5888b744654c6fd12) Importer(815301076,1909f56bfc062723c751e8b465ee728b)
Start importing Assets/Prefabs/Rocket.prefab using Guid(e292a7b051a8f4f5888b744654c6fd12) Importer(815301076,1909f56bfc062723c751e8b465ee728b)  -> (artifact id: 'd26ff7183b8498f079ac01f5626e5f5d') in 0.010928 seconds 
========================================================================
Received Import Request.
  Time since last request: 35.074714 seconds.
  path: Assets/Prefabs/Rocket.prefab
  artifactKey: Guid(e292a7b051a8f4f5888b744654c6fd12) Importer(815301076,1909f56bfc062723c751e8b465ee728b)
Start importing Assets/Prefabs/Rocket.prefab using Guid(e292a7b051a8f4f5888b744654c6fd12) Importer(815301076,1909f56bfc062723c751e8b465ee728b)  -> (artifact id: '7462e9fdbe41a1dc1503008b73f08f01') in 0.011060 seconds 
========================================================================
Received Import Request.
  Time since last request: 14.540720 seconds.
  path: Assets/Prefabs/Rocket.prefab
  artifactKey: Guid(e292a7b051a8f4f5888b744654c6fd12) Importer(815301076,1909f56bfc062723c751e8b465ee728b)
Start importing Assets/Prefabs/Rocket.prefab using Guid(e292a7b051a8f4f5888b744654c6fd12) Importer(815301076,1909f56bfc062723c751e8b465ee728b)  -> (artifact id: 'ab75f419b10bb20e5c3a5d0f7886a780') in 0.011454 seconds 
========================================================================
Received Import Request.
  Time since last request: 6.602153 seconds.
  path: Assets/Prefabs/Rocket.prefab
  artifactKey: Guid(e292a7b051a8f4f5888b744654c6fd12) Importer(815301076,1909f56bfc062723c751e8b465ee728b)
Start importing Assets/Prefabs/Rocket.prefab using Guid(e292a7b051a8f4f5888b744654c6fd12) Importer(815301076,1909f56bfc062723c751e8b465ee728b)  -> (artifact id: '5c2d7dfcac85856a662774ddd81fba2d') in 0.011147 seconds 
========================================================================
Received Import Request.
  Time since last request: 4.059997 seconds.
  path: Assets/Prefabs/Rocket.prefab
  artifactKey: Guid(e292a7b051a8f4f5888b744654c6fd12) Importer(815301076,1909f56bfc062723c751e8b465ee728b)
Start importing Assets/Prefabs/Rocket.prefab using Guid(e292a7b051a8f4f5888b744654c6fd12) Importer(815301076,1909f56bfc062723c751e8b465ee728b)  -> (artifact id: '25ce4377bb097a80b0c3624384e3c79d') in 0.009364 seconds 
========================================================================
Received Import Request.
  Time since last request: 11.767382 seconds.
  path: Assets/Prefabs/Rocket.prefab
  artifactKey: Guid(e292a7b051a8f4f5888b744654c6fd12) Importer(815301076,1909f56bfc062723c751e8b465ee728b)
Start importing Assets/Prefabs/Rocket.prefab using Guid(e292a7b051a8f4f5888b744654c6fd12) Importer(815301076,1909f56bfc062723c751e8b465ee728b)  -> (artifact id: '158c2c7a0a4847c8c5bf2cdd25e0c8cb') in 0.012603 seconds 
========================================================================
Received Import Request.
  Time since last request: 6.682685 seconds.
  path: Assets/Prefabs/Rocket.prefab
  artifactKey: Guid(e292a7b051a8f4f5888b744654c6fd12) Importer(815301076,1909f56bfc062723c751e8b465ee728b)
Start importing Assets/Prefabs/Rocket.prefab using Guid(e292a7b051a8f4f5888b744654c6fd12) Importer(815301076,1909f56bfc062723c751e8b465ee728b)  -> (artifact id: 'df536cc8b88db1a23158e2c9166d9569') in 0.010071 seconds 
========================================================================
Received Import Request.
  Time since last request: 7.560182 seconds.
  path: Assets/Prefabs/Rocket.prefab
  artifactKey: Guid(e292a7b051a8f4f5888b744654c6fd12) Importer(815301076,1909f56bfc062723c751e8b465ee728b)
Start importing Assets/Prefabs/Rocket.prefab using Guid(e292a7b051a8f4f5888b744654c6fd12) Importer(815301076,1909f56bfc062723c751e8b465ee728b)  -> (artifact id: '1f9bf0221ad01732149ada512920c53c') in 0.006331 seconds 
========================================================================
Received Import Request.
  Time since last request: 18.960606 seconds.
  path: Assets/Prefabs/Rocket.prefab
  artifactKey: Guid(e292a7b051a8f4f5888b744654c6fd12) Importer(815301076,1909f56bfc062723c751e8b465ee728b)
Start importing Assets/Prefabs/Rocket.prefab using Guid(e292a7b051a8f4f5888b744654c6fd12) Importer(815301076,1909f56bfc062723c751e8b465ee728b)  -> (artifact id: '2b9545c643acafe95111dbf9b10bbee1') in 0.008510 seconds 
========================================================================
Received Import Request.
  Time since last request: 47.771396 seconds.
  path: Assets/Prefabs/Rocket.prefab
  artifactKey: Guid(e292a7b051a8f4f5888b744654c6fd12) Importer(815301076,1909f56bfc062723c751e8b465ee728b)
Start importing Assets/Prefabs/Rocket.prefab using Guid(e292a7b051a8f4f5888b744654c6fd12) Importer(815301076,1909f56bfc062723c751e8b465ee728b)  -> (artifact id: '2edd0db3ebf69246ef4429b43caa56e0') in 0.012776 seconds 
========================================================================
Received Import Request.
  Time since last request: 22.270690 seconds.
  path: Assets/Prefabs/Rocket.prefab
  artifactKey: Guid(e292a7b051a8f4f5888b744654c6fd12) Importer(815301076,1909f56bfc062723c751e8b465ee728b)
Start importing Assets/Prefabs/Rocket.prefab using Guid(e292a7b051a8f4f5888b744654c6fd12) Importer(815301076,1909f56bfc062723c751e8b465ee728b)  -> (artifact id: '618369d2102ab9b436738a0c2437d191') in 0.011486 seconds 
========================================================================
Received Import Request.
  Time since last request: 7.374332 seconds.
  path: Assets/Prefabs/Rocket.prefab
  artifactKey: Guid(e292a7b051a8f4f5888b744654c6fd12) Importer(815301076,1909f56bfc062723c751e8b465ee728b)
Start importing Assets/Prefabs/Rocket.prefab using Guid(e292a7b051a8f4f5888b744654c6fd12) Importer(815301076,1909f56bfc062723c751e8b465ee728b)  -> (artifact id: 'bfe2d9b4bc9253ee0bdf415d505c3cde') in 0.011076 seconds 
========================================================================
Received Import Request.
  Time since last request: 8.718004 seconds.
  path: Assets/Prefabs/Rocket.prefab
  artifactKey: Guid(e292a7b051a8f4f5888b744654c6fd12) Importer(815301076,1909f56bfc062723c751e8b465ee728b)
Start importing Assets/Prefabs/Rocket.prefab using Guid(e292a7b051a8f4f5888b744654c6fd12) Importer(815301076,1909f56bfc062723c751e8b465ee728b)  -> (artifact id: '3d4601df1f6fd4fab40fefda8780fa05') in 0.008903 seconds 
========================================================================
Received Import Request.
  Time since last request: 10.127888 seconds.
  path: Assets/Prefabs/Rocket.prefab
  artifactKey: Guid(e292a7b051a8f4f5888b744654c6fd12) Importer(815301076,1909f56bfc062723c751e8b465ee728b)
Start importing Assets/Prefabs/Rocket.prefab using Guid(e292a7b051a8f4f5888b744654c6fd12) Importer(815301076,1909f56bfc062723c751e8b465ee728b)  -> (artifact id: 'b1975dbc27373fc96dfa03eed53775ab') in 0.007464 seconds 
========================================================================
Received Import Request.
  Time since last request: 7.159263 seconds.
  path: Assets/Prefabs/Rocket.prefab
  artifactKey: Guid(e292a7b051a8f4f5888b744654c6fd12) Importer(815301076,1909f56bfc062723c751e8b465ee728b)
Start importing Assets/Prefabs/Rocket.prefab using Guid(e292a7b051a8f4f5888b744654c6fd12) Importer(815301076,1909f56bfc062723c751e8b465ee728b)  -> (artifact id: 'bfb8128622aca647847eb98ca069e46b') in 0.011036 seconds 
========================================================================
Received Import Request.
  Time since last request: 12.662106 seconds.
  path: Assets/Prefabs/Rocket.prefab
  artifactKey: Guid(e292a7b051a8f4f5888b744654c6fd12) Importer(815301076,1909f56bfc062723c751e8b465ee728b)
Start importing Assets/Prefabs/Rocket.prefab using Guid(e292a7b051a8f4f5888b744654c6fd12) Importer(815301076,1909f56bfc062723c751e8b465ee728b)  -> (artifact id: '6b678d6d1312d2a9124d56c2adddaabc') in 0.010317 seconds 
========================================================================
Received Import Request.
  Time since last request: 7.840523 seconds.
  path: Assets/Prefabs/Rocket.prefab
  artifactKey: Guid(e292a7b051a8f4f5888b744654c6fd12) Importer(815301076,1909f56bfc062723c751e8b465ee728b)
Start importing Assets/Prefabs/Rocket.prefab using Guid(e292a7b051a8f4f5888b744654c6fd12) Importer(815301076,1909f56bfc062723c751e8b465ee728b)  -> (artifact id: 'cbebacaa98eb4ad9da3ad5a6d624b6de') in 0.009331 seconds 
========================================================================
Received Import Request.
  Time since last request: 7.125042 seconds.
  path: Assets/Prefabs/Rocket.prefab
  artifactKey: Guid(e292a7b051a8f4f5888b744654c6fd12) Importer(815301076,1909f56bfc062723c751e8b465ee728b)
Start importing Assets/Prefabs/Rocket.prefab using Guid(e292a7b051a8f4f5888b744654c6fd12) Importer(815301076,1909f56bfc062723c751e8b465ee728b)  -> (artifact id: '68ae7a094a4d77030711275f04b364df') in 0.011126 seconds 
========================================================================
Received Import Request.
  Time since last request: 2.285841 seconds.
  path: Assets/Prefabs/Rocket.prefab
  artifactKey: Guid(e292a7b051a8f4f5888b744654c6fd12) Importer(815301076,1909f56bfc062723c751e8b465ee728b)
Start importing Assets/Prefabs/Rocket.prefab using Guid(e292a7b051a8f4f5888b744654c6fd12) Importer(815301076,1909f56bfc062723c751e8b465ee728b)  -> (artifact id: 'b589ca696815f1976061d4d5729dabde') in 0.006644 seconds 
========================================================================
Received Import Request.
  Time since last request: 26.466603 seconds.
  path: Assets/Prefabs/Rocket.prefab
  artifactKey: Guid(e292a7b051a8f4f5888b744654c6fd12) Importer(815301076,1909f56bfc062723c751e8b465ee728b)
Start importing Assets/Prefabs/Rocket.prefab using Guid(e292a7b051a8f4f5888b744654c6fd12) Importer(815301076,1909f56bfc062723c751e8b465ee728b)  -> (artifact id: 'd411b79a584fa9260cd78202fd2035d3') in 0.005821 seconds 
========================================================================
Received Import Request.
  Time since last request: 4.691392 seconds.
  path: Assets/Prefabs/Rocket.prefab
  artifactKey: Guid(e292a7b051a8f4f5888b744654c6fd12) Importer(815301076,1909f56bfc062723c751e8b465ee728b)
Start importing Assets/Prefabs/Rocket.prefab using Guid(e292a7b051a8f4f5888b744654c6fd12) Importer(815301076,1909f56bfc062723c751e8b465ee728b)  -> (artifact id: '295a713eb2fddc1b1a3b0b659b828746') in 0.009901 seconds 
========================================================================
Received Import Request.
  Time since last request: 4.245041 seconds.
  path: Assets/Prefabs/Rocket.prefab
  artifactKey: Guid(e292a7b051a8f4f5888b744654c6fd12) Importer(815301076,1909f56bfc062723c751e8b465ee728b)
Start importing Assets/Prefabs/Rocket.prefab using Guid(e292a7b051a8f4f5888b744654c6fd12) Importer(815301076,1909f56bfc062723c751e8b465ee728b)  -> (artifact id: 'e7530ca6cfa4f836bf66fff20883e580') in 0.007223 seconds 
========================================================================
Received Import Request.
  Time since last request: 12.116007 seconds.
  path: Assets/Prefabs/Rocket.prefab
  artifactKey: Guid(e292a7b051a8f4f5888b744654c6fd12) Importer(815301076,1909f56bfc062723c751e8b465ee728b)
Start importing Assets/Prefabs/Rocket.prefab using Guid(e292a7b051a8f4f5888b744654c6fd12) Importer(815301076,1909f56bfc062723c751e8b465ee728b)  -> (artifact id: '104cb7236f3c63dab7c48a5c85912bfa') in 0.011220 seconds 
========================================================================
Received Prepare
Registering precompiled user dll's ...
Registered in 0.001410 seconds.
Begin MonoManager ReloadAssembly
Thread 0x176017000 may have been prematurely finalized
Symbol file LoadedFromMemory doesn't match image /Users/uvay/Desktop/projectOfTutor/ProjectBoost/ProjectBoostt/Library/PackageCache/com.unity.visualscripting@1.7.8/Editor/VisualScripting.Core/Dependencies/YamlDotNet/Unity.VisualScripting.YamlDotNet.dll
Symbol file LoadedFromMemory doesn't match image /Users/uvay/Desktop/projectOfTutor/ProjectBoost/ProjectBoostt/Library/PackageCache/com.unity.visualscripting@1.7.8/Editor/VisualScripting.Core/Dependencies/DotNetZip/Unity.VisualScripting.IonicZip.dll
Native extension for WindowsStandalone target not found
Native extension for iOS target not found
2022-07-22 21:31:38.072 Unity[1795:92111] [XcodeApplications] Failed to read NSDictionary from path ĝn4/Contents/Info.plist
Native extension for Android target not found
Native extension for OSXStandalone target not found
Refreshing native plugins compatible for Editor in 0.58 ms, found 2 plugins.
Preloading 0 native plugins for Editor in 0.00 ms.
Mono: successfully reloaded assembly
- Completed reload, in  0.779 seconds
Domain Reload Profiling:
	ReloadAssembly (780ms)
		BeginReloadAssembly (72ms)
			ExecutionOrderSort (0ms)
			DisableScriptedObjects (3ms)
			BackupInstance (0ms)
			ReleaseScriptingObjects (0ms)
			CreateAndSetChildDomain (24ms)
		EndReloadAssembly (644ms)
			LoadAssemblies (32ms)
			RebuildTransferFunctionScriptingTraits (0ms)
			SetupTypeCache (220ms)
			ReleaseScriptCaches (1ms)
			RebuildScriptCaches (40ms)
			SetupLoadedEditorAssemblies (296ms)
				LogAssemblyErrors (0ms)
				InitializePlatformSupportModulesInManaged (27ms)
				SetLoadedEditorAssemblies (0ms)
				RefreshPlugins (1ms)
				BeforeProcessingInitializeOnLoad (60ms)
				ProcessInitializeOnLoadAttributes (180ms)
				ProcessInitializeOnLoadMethodAttributes (27ms)
				AfterProcessingInitializeOnLoad (1ms)
				EditorAssembliesLoaded (0ms)
			ExecutionOrderSort2 (0ms)
			AwakeInstancesAfterBackupRestoration (3ms)
Platform modules already initialized, skipping
Refreshing native plugins compatible for Editor in 1.09 ms, found 2 plugins.
Preloading 0 native plugins for Editor in 0.00 ms.
Unloading 3365 Unused Serialized files (Serialized files now loaded: 0)
Unloading 20 unused Assets / (71.0 KB). Loaded Objects now: 3886.
Memory consumption went from 245.5 MB to 245.4 MB.
Total: 3.969291 ms (FindLiveObjects: 0.181125 ms CreateObjectMapping: 0.072334 ms MarkObjects: 3.647958 ms  DeleteObjects: 0.066791 ms)

AssetImportParameters requested are different than current active one (requested -> active):
  custom:video-decoder-ogg-theora: a1e56fd34408186e4bbccfd4996cb3dc -> 
  custom:container-muxer-webm: aa71ff27fc2769a1b78a27578f13a17b -> 
  custom:container-demuxer-webm: 4f35f7cbe854078d1ac9338744f61a02 -> 
  custom:video-encoder-webm-vp8: eb34c28f22e8b96e1ab97ce403110664 -> 
  custom:framework-osx-AVFoundation: e770b220cccbd017edd2c1fefb359320 -> 
  custom:audio-encoder-webm-vorbis: bf7c407c2cedff20999df2af8eb42d56 -> 
  custom:container-demuxer-ogg: 62fdf1f143b41e24485cea50d1cbac27 -> 
  custom:video-decoder-webm-vp8: 9c59270c3fd7afecdb556c50c9e8de78 -> 
  custom:audio-decoder-ogg-vorbis: bf7c407c2cedff20999df2af8eb42d56 -> 
========================================================================
Received Prepare
Registering precompiled user dll's ...
Registered in 0.001647 seconds.
Begin MonoManager ReloadAssembly
Thread 0x175f8b000 may have been prematurely finalized
Symbol file LoadedFromMemory doesn't match image /Users/uvay/Desktop/projectOfTutor/ProjectBoost/ProjectBoostt/Library/PackageCache/com.unity.visualscripting@1.7.8/Editor/VisualScripting.Core/Dependencies/YamlDotNet/Unity.VisualScripting.YamlDotNet.dll
Symbol file LoadedFromMemory doesn't match image /Users/uvay/Desktop/projectOfTutor/ProjectBoost/ProjectBoostt/Library/PackageCache/com.unity.visualscripting@1.7.8/Editor/VisualScripting.Core/Dependencies/DotNetZip/Unity.VisualScripting.IonicZip.dll
Native extension for WindowsStandalone target not found
Native extension for iOS target not found
2022-07-22 21:31:48.590 Unity[1795:92111] [XcodeApplications] Failed to read NSDictionary from path ĝn4/Contents/Info.plist
Native extension for Android target not found
Native extension for OSXStandalone target not found
Refreshing native plugins compatible for Editor in 0.55 ms, found 2 plugins.
Preloading 0 native plugins for Editor in 0.00 ms.
Mono: successfully reloaded assembly
- Completed reload, in  0.879 seconds
Domain Reload Profiling:
	ReloadAssembly (879ms)
		BeginReloadAssembly (84ms)
			ExecutionOrderSort (0ms)
			DisableScriptedObjects (4ms)
			BackupInstance (0ms)
			ReleaseScriptingObjects (0ms)
			CreateAndSetChildDomain (30ms)
		EndReloadAssembly (719ms)
			LoadAssemblies (37ms)
			RebuildTransferFunctionScriptingTraits (0ms)
			SetupTypeCache (252ms)
			ReleaseScriptCaches (1ms)
			RebuildScriptCaches (45ms)
			SetupLoadedEditorAssemblies (326ms)
				LogAssemblyErrors (0ms)
				InitializePlatformSupportModulesInManaged (31ms)
				SetLoadedEditorAssemblies (0ms)
				RefreshPlugins (1ms)
				BeforeProcessingInitializeOnLoad (67ms)
				ProcessInitializeOnLoadAttributes (198ms)
				ProcessInitializeOnLoadMethodAttributes (28ms)
				AfterProcessingInitializeOnLoad (1ms)
				EditorAssembliesLoaded (0ms)
			ExecutionOrderSort2 (0ms)
			AwakeInstancesAfterBackupRestoration (4ms)
Platform modules already initialized, skipping
Refreshing native plugins compatible for Editor in 1.21 ms, found 2 plugins.
Preloading 0 native plugins for Editor in 0.00 ms.
Unloading 3365 Unused Serialized files (Serialized files now loaded: 0)
Unloading 20 unused Assets / (71.0 KB). Loaded Objects now: 3889.
Memory consumption went from 245.7 MB to 245.6 MB.
Total: 3.527459 ms (FindLiveObjects: 0.164417 ms CreateObjectMapping: 0.067375 ms MarkObjects: 3.209167 ms  DeleteObjects: 0.085167 ms)

AssetImportParameters requested are different than current active one (requested -> active):
  custom:video-decoder-ogg-theora: a1e56fd34408186e4bbccfd4996cb3dc -> 
  custom:container-muxer-webm: aa71ff27fc2769a1b78a27578f13a17b -> 
  custom:container-demuxer-webm: 4f35f7cbe854078d1ac9338744f61a02 -> 
  custom:video-encoder-webm-vp8: eb34c28f22e8b96e1ab97ce403110664 -> 
  custom:framework-osx-AVFoundation: e770b220cccbd017edd2c1fefb359320 -> 
  custom:audio-encoder-webm-vorbis: bf7c407c2cedff20999df2af8eb42d56 -> 
  custom:container-demuxer-ogg: 62fdf1f143b41e24485cea50d1cbac27 -> 
  custom:video-decoder-webm-vp8: 9c59270c3fd7afecdb556c50c9e8de78 -> 
  custom:audio-decoder-ogg-vorbis: bf7c407c2cedff20999df2af8eb42d56 -> 
========================================================================
Received Prepare
Registering precompiled user dll's ...
Registered in 0.001494 seconds.
Begin MonoManager ReloadAssembly
Thread 0x176017000 may have been prematurely finalized
Symbol file LoadedFromMemory doesn't match image /Users/uvay/Desktop/projectOfTutor/ProjectBoost/ProjectBoostt/Library/PackageCache/com.unity.visualscripting@1.7.8/Editor/VisualScripting.Core/Dependencies/YamlDotNet/Unity.VisualScripting.YamlDotNet.dll
Symbol file LoadedFromMemory doesn't match image /Users/uvay/Desktop/projectOfTutor/ProjectBoost/ProjectBoostt/Library/PackageCache/com.unity.visualscripting@1.7.8/Editor/VisualScripting.Core/Dependencies/DotNetZip/Unity.VisualScripting.IonicZip.dll
Native extension for WindowsStandalone target not found
Native extension for iOS target not found
2022-07-22 21:31:59.275 Unity[1795:92111] [XcodeApplications] Failed to read NSDictionary from path ĝn4/Contents/Info.plist
Native extension for Android target not found
Native extension for OSXStandalone target not found
Refreshing native plugins compatible for Editor in 0.60 ms, found 2 plugins.
Preloading 0 native plugins for Editor in 0.00 ms.
Mono: successfully reloaded assembly
- Completed reload, in  0.882 seconds
Domain Reload Profiling:
	ReloadAssembly (883ms)
		BeginReloadAssembly (86ms)
			ExecutionOrderSort (0ms)
			DisableScriptedObjects (4ms)
			BackupInstance (0ms)
			ReleaseScriptingObjects (0ms)
			CreateAndSetChildDomain (29ms)
		EndReloadAssembly (720ms)
			LoadAssemblies (40ms)
			RebuildTransferFunctionScriptingTraits (0ms)
			SetupTypeCache (254ms)
			ReleaseScriptCaches (1ms)
			RebuildScriptCaches (47ms)
			SetupLoadedEditorAssemblies (321ms)
				LogAssemblyErrors (0ms)
				InitializePlatformSupportModulesInManaged (29ms)
				SetLoadedEditorAssemblies (0ms)
				RefreshPlugins (1ms)
				BeforeProcessingInitializeOnLoad (67ms)
				ProcessInitializeOnLoadAttributes (196ms)
				ProcessInitializeOnLoadMethodAttributes (27ms)
				AfterProcessingInitializeOnLoad (1ms)
				EditorAssembliesLoaded (0ms)
			ExecutionOrderSort2 (0ms)
			AwakeInstancesAfterBackupRestoration (4ms)
Platform modules already initialized, skipping
Refreshing native plugins compatible for Editor in 1.23 ms, found 2 plugins.
Preloading 0 native plugins for Editor in 0.00 ms.
Unloading 3365 Unused Serialized files (Serialized files now loaded: 0)
Unloading 20 unused Assets / (71.1 KB). Loaded Objects now: 3892.
Memory consumption went from 245.9 MB to 245.8 MB.
Total: 3.616291 ms (FindLiveObjects: 0.176041 ms CreateObjectMapping: 0.068292 ms MarkObjects: 3.251000 ms  DeleteObjects: 0.119625 ms)

AssetImportParameters requested are different than current active one (requested -> active):
  custom:video-decoder-ogg-theora: a1e56fd34408186e4bbccfd4996cb3dc -> 
  custom:container-muxer-webm: aa71ff27fc2769a1b78a27578f13a17b -> 
  custom:container-demuxer-webm: 4f35f7cbe854078d1ac9338744f61a02 -> 
  custom:video-encoder-webm-vp8: eb34c28f22e8b96e1ab97ce403110664 -> 
  custom:framework-osx-AVFoundation: e770b220cccbd017edd2c1fefb359320 -> 
  custom:audio-encoder-webm-vorbis: bf7c407c2cedff20999df2af8eb42d56 -> 
  custom:container-demuxer-ogg: 62fdf1f143b41e24485cea50d1cbac27 -> 
  custom:video-decoder-webm-vp8: 9c59270c3fd7afecdb556c50c9e8de78 -> 
  custom:audio-decoder-ogg-vorbis: bf7c407c2cedff20999df2af8eb42d56 -> 
========================================================================
Received Prepare
Registering precompiled user dll's ...
Registered in 0.001992 seconds.
Begin MonoManager ReloadAssembly
Thread 0x176017000 may have been prematurely finalized
Symbol file LoadedFromMemory doesn't match image /Users/uvay/Desktop/projectOfTutor/ProjectBoost/ProjectBoostt/Library/PackageCache/com.unity.visualscripting@1.7.8/Editor/VisualScripting.Core/Dependencies/YamlDotNet/Unity.VisualScripting.YamlDotNet.dll
Symbol file LoadedFromMemory doesn't match image /Users/uvay/Desktop/projectOfTutor/ProjectBoost/ProjectBoostt/Library/PackageCache/com.unity.visualscripting@1.7.8/Editor/VisualScripting.Core/Dependencies/DotNetZip/Unity.VisualScripting.IonicZip.dll
Native extension for WindowsStandalone target not found
Native extension for iOS target not found
2022-07-22 21:32:05.798 Unity[1795:92111] [XcodeApplications] Failed to read NSDictionary from path ĝn4/Contents/Info.plist
Native extension for Android target not found
Native extension for OSXStandalone target not found
Refreshing native plugins compatible for Editor in 0.62 ms, found 2 plugins.
Preloading 0 native plugins for Editor in 0.00 ms.
Mono: successfully reloaded assembly
- Completed reload, in  1.024 seconds
Domain Reload Profiling:
	ReloadAssembly (1025ms)
		BeginReloadAssembly (106ms)
			ExecutionOrderSort (0ms)
			DisableScriptedObjects (5ms)
			BackupInstance (0ms)
			ReleaseScriptingObjects (0ms)
			CreateAndSetChildDomain (36ms)
		EndReloadAssembly (823ms)
			LoadAssemblies (48ms)
			RebuildTransferFunctionScriptingTraits (0ms)
			SetupTypeCache (286ms)
			ReleaseScriptCaches (1ms)
			RebuildScriptCaches (48ms)
			SetupLoadedEditorAssemblies (377ms)
				LogAssemblyErrors (0ms)
				InitializePlatformSupportModulesInManaged (33ms)
				SetLoadedEditorAssemblies (1ms)
				RefreshPlugins (1ms)
				BeforeProcessingInitializeOnLoad (76ms)
				ProcessInitializeOnLoadAttributes (234ms)
				ProcessInitializeOnLoadMethodAttributes (31ms)
				AfterProcessingInitializeOnLoad (1ms)
				EditorAssembliesLoaded (0ms)
			ExecutionOrderSort2 (0ms)
			AwakeInstancesAfterBackupRestoration (5ms)
Platform modules already initialized, skipping
Refreshing native plugins compatible for Editor in 1.40 ms, found 2 plugins.
Preloading 0 native plugins for Editor in 0.00 ms.
Unloading 3365 Unused Serialized files (Serialized files now loaded: 0)
Unloading 20 unused Assets / (71.2 KB). Loaded Objects now: 3895.
Memory consumption went from 246.1 MB to 246.0 MB.
Total: 4.044209 ms (FindLiveObjects: 0.189583 ms CreateObjectMapping: 0.080709 ms MarkObjects: 3.681334 ms  DeleteObjects: 0.091542 ms)

AssetImportParameters requested are different than current active one (requested -> active):
  custom:video-decoder-ogg-theora: a1e56fd34408186e4bbccfd4996cb3dc -> 
  custom:container-muxer-webm: aa71ff27fc2769a1b78a27578f13a17b -> 
  custom:container-demuxer-webm: 4f35f7cbe854078d1ac9338744f61a02 -> 
  custom:video-encoder-webm-vp8: eb34c28f22e8b96e1ab97ce403110664 -> 
  custom:framework-osx-AVFoundation: e770b220cccbd017edd2c1fefb359320 -> 
  custom:audio-encoder-webm-vorbis: bf7c407c2cedff20999df2af8eb42d56 -> 
  custom:container-demuxer-ogg: 62fdf1f143b41e24485cea50d1cbac27 -> 
  custom:video-decoder-webm-vp8: 9c59270c3fd7afecdb556c50c9e8de78 -> 
  custom:audio-decoder-ogg-vorbis: bf7c407c2cedff20999df2af8eb42d56 -> 
========================================================================
Received Import Request.
  Time since last request: 255.433115 seconds.
  path: Assets/Prefabs/Rocket.prefab
  artifactKey: Guid(e292a7b051a8f4f5888b744654c6fd12) Importer(815301076,1909f56bfc062723c751e8b465ee728b)
Start importing Assets/Prefabs/Rocket.prefab using Guid(e292a7b051a8f4f5888b744654c6fd12) Importer(815301076,1909f56bfc062723c751e8b465ee728b)  -> (artifact id: '3b71b01e3e248afab184c52c36a7a641') in 0.041982 seconds 
========================================================================
Received Import Request.
  Time since last request: 17.603651 seconds.
  path: Assets/Scenes/Over.unity
  artifactKey: Guid(9fc0d4010bbf28b4594072e72b8655ab) Importer(815301076,1909f56bfc062723c751e8b465ee728b)
Start importing Assets/Scenes/Over.unity using Guid(9fc0d4010bbf28b4594072e72b8655ab) Importer(815301076,1909f56bfc062723c751e8b465ee728b)  -> (artifact id: '782adca2c03f7929860eab5ce296ec0c') in 0.001088 seconds 
